<?xml version="1.0" encoding="UTF-8"?>
<testng-results skipped="0" failed="0" ignored="0" total="2" passed="2">
  <reporter-output>
  </reporter-output>
  <suite name="Default suite" duration-ms="11779" started-at="2018-02-01T02:58:29Z" finished-at="2018-02-01T02:58:41Z">
    <groups>
    </groups>
    <test name="Default test" duration-ms="11779" started-at="2018-02-01T02:58:29Z" finished-at="2018-02-01T02:58:41Z">
      <class name="mavenPackage.MyMavenProject.tests.LoginPageSuite">
        <test-method status="PASS" signature="beforeTest()[pri:0, instance:mavenPackage.MyMavenProject.tests.LoginPageSuite@3e6fa38a]" name="beforeTest" is-config="true" duration-ms="4312" started-at="2018-02-01T08:28:29Z" finished-at="2018-02-01T08:28:33Z">
          <reporter-output>
          </reporter-output>
        </test-method> <!-- beforeTest -->
        <test-method status="PASS" signature="verifyLoginWithInvalidCredentials()[pri:0, instance:mavenPackage.MyMavenProject.tests.LoginPageSuite@3e6fa38a]" name="verifyLoginWithInvalidCredentials" duration-ms="1209" started-at="2018-02-01T08:28:33Z" finished-at="2018-02-01T08:28:35Z">
          <reporter-output>
          </reporter-output>
        </test-method> <!-- verifyLoginWithInvalidCredentials -->
        <test-method status="PASS" signature="afterTest()[pri:0, instance:mavenPackage.MyMavenProject.tests.LoginPageSuite@3e6fa38a]" name="afterTest" is-config="true" duration-ms="241" started-at="2018-02-01T08:28:35Z" finished-at="2018-02-01T08:28:35Z">
          <reporter-output>
          </reporter-output>
        </test-method> <!-- afterTest -->
        <test-method status="PASS" signature="beforeTest()[pri:0, instance:mavenPackage.MyMavenProject.tests.LoginPageSuite@3e6fa38a]" name="beforeTest" is-config="true" duration-ms="3625" started-at="2018-02-01T08:28:35Z" finished-at="2018-02-01T08:28:39Z">
          <reporter-output>
          </reporter-output>
        </test-method> <!-- beforeTest -->
        <test-method status="PASS" signature="verifyLoginWithValidCredentials()[pri:0, instance:mavenPackage.MyMavenProject.tests.LoginPageSuite@3e6fa38a]" name="verifyLoginWithValidCredentials" duration-ms="2115" started-at="2018-02-01T08:28:39Z" finished-at="2018-02-01T08:28:41Z">
          <reporter-output>
          </reporter-output>
        </test-method> <!-- verifyLoginWithValidCredentials -->
        <test-method status="PASS" signature="afterTest()[pri:0, instance:mavenPackage.MyMavenProject.tests.LoginPageSuite@3e6fa38a]" name="afterTest" is-config="true" duration-ms="251" started-at="2018-02-01T08:28:41Z" finished-at="2018-02-01T08:28:41Z">
          <reporter-output>
          </reporter-output>
        </test-method> <!-- afterTest -->
      </class> <!-- mavenPackage.MyMavenProject.tests.LoginPageSuite -->
    </test> <!-- Default test -->
  </suite> <!-- Default suite -->
</testng-results>
