<?xml version="1.0" encoding="UTF-8"?>
<testng-results skipped="0" failed="0" ignored="0" total="2" passed="2">
  <reporter-output>
  </reporter-output>
  <suite name="Default suite" duration-ms="21280" started-at="2018-02-02T03:23:56Z" finished-at="2018-02-02T03:24:18Z">
    <groups>
    </groups>
    <test name="Default test" duration-ms="21280" started-at="2018-02-02T03:23:56Z" finished-at="2018-02-02T03:24:18Z">
      <class name="mavenPackage.MyMavenProject.tests.LoginPageSuite">
        <test-method status="PASS" signature="beforeTest()[pri:0, instance:mavenPackage.MyMavenProject.tests.LoginPageSuite@4cf777e8]" name="beforeTest" is-config="true" duration-ms="5052" started-at="2018-02-02T08:53:56Z" finished-at="2018-02-02T08:54:01Z">
          <reporter-output>
          </reporter-output>
        </test-method> <!-- beforeTest -->
        <test-method status="PASS" signature="verifyLoginWithInvalidCredentials()[pri:0, instance:mavenPackage.MyMavenProject.tests.LoginPageSuite@4cf777e8]" name="verifyLoginWithInvalidCredentials" duration-ms="7639" started-at="2018-02-02T08:54:01Z" finished-at="2018-02-02T08:54:09Z">
          <reporter-output>
          </reporter-output>
        </test-method> <!-- verifyLoginWithInvalidCredentials -->
        <test-method status="PASS" signature="afterTest()[pri:0, instance:mavenPackage.MyMavenProject.tests.LoginPageSuite@4cf777e8]" name="afterTest" is-config="true" duration-ms="256" started-at="2018-02-02T08:54:09Z" finished-at="2018-02-02T08:54:09Z">
          <reporter-output>
          </reporter-output>
        </test-method> <!-- afterTest -->
        <test-method status="PASS" signature="beforeTest()[pri:0, instance:mavenPackage.MyMavenProject.tests.LoginPageSuite@4cf777e8]" name="beforeTest" is-config="true" duration-ms="3892" started-at="2018-02-02T08:54:09Z" finished-at="2018-02-02T08:54:13Z">
          <reporter-output>
          </reporter-output>
        </test-method> <!-- beforeTest -->
        <test-method status="PASS" signature="verifyLoginWithValidCredentials()[pri:0, instance:mavenPackage.MyMavenProject.tests.LoginPageSuite@4cf777e8]" name="verifyLoginWithValidCredentials" duration-ms="4119" started-at="2018-02-02T08:54:13Z" finished-at="2018-02-02T08:54:17Z">
          <reporter-output>
          </reporter-output>
        </test-method> <!-- verifyLoginWithValidCredentials -->
        <test-method status="PASS" signature="afterTest()[pri:0, instance:mavenPackage.MyMavenProject.tests.LoginPageSuite@4cf777e8]" name="afterTest" is-config="true" duration-ms="295" started-at="2018-02-02T08:54:17Z" finished-at="2018-02-02T08:54:18Z">
          <reporter-output>
          </reporter-output>
        </test-method> <!-- afterTest -->
      </class> <!-- mavenPackage.MyMavenProject.tests.LoginPageSuite -->
    </test> <!-- Default test -->
  </suite> <!-- Default suite -->
</testng-results>
