<?xml version="1.0" encoding="UTF-8"?>
<!-- Generated by org.testng.reporters.JUnitXMLReporter -->
<testsuite hostname="IN01LAP00082" ignored="0" name="Default test" tests="2" failures="0" timestamp="01 Feb 2018 02:58:41 GMT" time="11.779" errors="0">
  <testcase name="verifyLoginWithInvalidCredentials" time="1.209" classname="mavenPackage.MyMavenProject.tests.LoginPageSuite"/>
  <testcase name="verifyLoginWithValidCredentials" time="2.115" classname="mavenPackage.MyMavenProject.tests.LoginPageSuite"/>
</testsuite> <!-- Default test -->
