<?xml version="1.0" encoding="UTF-8"?>
<!-- Generated by org.testng.reporters.JUnitXMLReporter -->
<testsuite hostname="IN01LAP00082" ignored="0" name="Default test" tests="2" failures="0" timestamp="02 Feb 2018 03:24:18 GMT" time="21.28" errors="0">
  <testcase name="verifyLoginWithInvalidCredentials" time="7.639" classname="mavenPackage.MyMavenProject.tests.LoginPageSuite"/>
  <testcase name="verifyLoginWithValidCredentials" time="4.119" classname="mavenPackage.MyMavenProject.tests.LoginPageSuite"/>
</testsuite> <!-- Default test -->
